[0m[[0m[0mdebug[0m] [0m[0m> Exec(early(addDefaultCommands), None, None)[0m
[0m[[0m[0mdebug[0m] [0m[0m> Exec(addDefaultCommands, None, None)[0m
[0m[[0m[0mdebug[0m] [0m[0m> Exec(early(initialize), None, None)[0m
[0m[[0m[0mdebug[0m] [0m[0m> Exec(initialize, None, None)[0m
[0m[[0m[0mdebug[0m] [0m[0m> Exec(boot, None, None)[0m
[0m[[0m[0mdebug[0m] [0m[0m> Exec(writeSbtVersion, None, None)[0m
[0m[[0m[0mdebug[0m] [0m[0m> Exec(reload, None, None)[0m
[0m[[0m[0mdebug[0m] [0m[0m> Exec(sbtStashOnFailure, None, None)[0m
[0m[[0m[0mdebug[0m] [0m[0m> Exec(onFailure loadFailed, None, None)[0m
[0m[[0m[0mdebug[0m] [0m[0m> Exec(loadp, None, None)[0m
[0m[[0m[0minfo[0m] [0m[0mwelcome to sbt 1.8.2 (Oracle Corporation Java 11.0.16.1)[0m
[0m[[0m[0mdebug[0m] [0m[0m      Load.loadUnit: plugins took 67.363625ms[0m
[0m[[0m[0mdebug[0m] [0m[0m      Load.loadUnit: defsScala took 0.147459ms[0m
[0m[[0m[0mdebug[0m] [0m[0m[Loading] Scanning directory /Users/anzorighurtchumelia/.sbt/1.0/plugins[0m
[0m[[0m[0mdebug[0m] [0m[0m[Loading] Found non-root projects [0m
[0m[[0m[0mdebug[0m] [0m[0m[Loading] Done in /Users/anzorighurtchumelia/.sbt/1.0/plugins, returning: ()[0m
[0m[[0m[0mdebug[0m] [0m[0mdeducing auto plugins based on known facts Set(Atom(sbt.plugins.CorePlugin)) and clauses Clauses(Clause(Atom(sbt.plugins.JvmPlugin),Set(Atom(sbt.plugins.IvyPlugin)))[0m
[0m[[0m[0mdebug[0m] [0m[0mClause(Atom(sbt.ScriptedPlugin),Set(Atom(sbt.plugins.JvmPlugin)))[0m
[0m[[0m[0mdebug[0m] [0m[0mClause(Atom(sbt.plugins.SbtPlugin),Set(Atom(sbt.ScriptedPlugin)))[0m
[0m[[0m[0mdebug[0m] [0m[0mClause(Atom(sbt.plugins.SemanticdbPlugin),Set(Atom(sbt.plugins.JvmPlugin)))[0m
[0m[[0m[0mdebug[0m] [0m[0mClause(Atom(sbt.plugins.JUnitXmlReportPlugin),Set(Atom(sbt.plugins.JvmPlugin)))[0m
[0m[[0m[0mdebug[0m] [0m[0mClause(Atom(sbt.plugins.MiniDependencyTreePlugin),Set(Atom(sbt.plugins.JvmPlugin)))[0m
[0m[[0m[0mdebug[0m] [0m[0mClause(Atom(sbt.plugins.CorePlugin),Set(Atom(sbt.plugins.IvyPlugin)))[0m
[0m[[0m[0mdebug[0m] [0m[0mClause(Atom(sbt.plugins.IvyPlugin),Set(Atom(sbt.plugins.JvmPlugin)))[0m
[0m[[0m[0mdebug[0m] [0m[0mClause(Atom(sbt.plugins.JvmPlugin),Set(Atom(sbt.plugins.SemanticdbPlugin)))[0m
[0m[[0m[0mdebug[0m] [0m[0mClause(Atom(sbt.plugins.JvmPlugin),Set(Atom(sbt.plugins.JUnitXmlReportPlugin)))[0m
[0m[[0m[0mdebug[0m] [0m[0mClause(Atom(sbt.plugins.CorePlugin),Set(Atom(sbt.plugins.Giter8TemplatePlugin)))[0m
[0m[[0m[0mdebug[0m] [0m[0mClause(Atom(sbt.plugins.JvmPlugin),Set(Atom(sbt.plugins.MiniDependencyTreePlugin))))[0m
[0m[[0m[0mdebug[0m] [0m[0m  :: deduced result: Matched(sbt.plugins.CorePlugin,sbt.plugins.Giter8TemplatePlugin,sbt.plugins.IvyPlugin,sbt.plugins.JvmPlugin,sbt.plugins.MiniDependencyTreePlugin,sbt.plugins.JUnitXmlReportPlugin,sbt.plugins.SemanticdbPlugin)[0m
[0m[[0m[0mdebug[0m] [0m[0mPlugins.deducer#function took 7.412875 ms[0m
[0m[[0m[0mdebug[0m] [0m[0m          Load.resolveProject(global-plugins) took 23.221708ms[0m
[0m[[0m[0mdebug[0m] [0m[0m        Load.loadTransitive: finalizeProject(Project(id global-plugins, base: /Users/anzorighurtchumelia/.sbt/1.0/plugins, plugins: List(<none>))) took 48.338167ms[0m
[0m[[0m[0mdebug[0m] [0m[0m[Loading] Done in /Users/anzorighurtchumelia/.sbt/1.0/plugins, returning: (global-plugins)[0m
[0m[[0m[0mdebug[0m] [0m[0m      Load.loadUnit: loadedProjectsRaw took 58.701583ms[0m
[0m[[0m[0mdebug[0m] [0m[0m      Load.loadUnit: cleanEvalClasses took 0.128583ms[0m
[0m[[0m[0mdebug[0m] [0m[0m    Load.loadUnit(file:/Users/anzorighurtchumelia/.sbt/1.0/plugins/, ...) took 130.609292ms[0m
[0m[[0m[0mdebug[0m] [0m[0m  Load.apply: load took 516.005625ms[0m
[0m[[0m[0mdebug[0m] [0m[0m  Load.apply: resolveProjects took 3.733667ms[0m
[0m[[0m[0mdebug[0m] [0m[0m  Load.apply: finalTransforms took 29.97675ms[0m
[0m[[0m[0mdebug[0m] [0m[0m  Load.apply: config.delegates took 3.0305ms[0m
[0m[[0m[0mdebug[0m] [0m[0m  Load.apply: Def.make(settings)... took 193.996833ms[0m
[0m[[0m[0mdebug[0m] [0m[0m  Load.apply: structureIndex took 49.124375ms[0m
[0m[[0m[0mdebug[0m] [0m[0m  Load.apply: mkStreams took 1.046458ms[0m
[0m[[0m[0minfo[0m] [0m[0mloading global plugins from /Users/anzorighurtchumelia/.sbt/1.0/plugins[0m
[0m[[0m[0mdebug[0m] [0m[0mRunning task... Cancel: Signal, check cycles: false, forcegc: true[0m
[0m[[0m[0mdebug[0m] [0m[0mLoad.defaultLoad until apply took 1386.257292ms[0m
[0m[[0m[0mdebug[0m] [0m[0m          Load.loadUnit: plugins took 8.6015ms[0m
[0m[[0m[0mdebug[0m] [0m[0m          Load.loadUnit: defsScala took 0.001958ms[0m
[0m[[0m[0mdebug[0m] [0m[0m[Loading] Scanning directory /Users/anzorighurtchumelia/Desktop/shoping-cart-backend/project[0m
[0m[[0m[0mdebug[0m] [0m[0m[Loading] Found non-root projects [0m
[0m[[0m[0mdebug[0m] [0m[0m[Loading] Done in /Users/anzorighurtchumelia/Desktop/shoping-cart-backend/project, returning: ()[0m
[0m[[0m[0mdebug[0m] [0m[0mdeducing auto plugins based on known facts Set(Atom(sbt.plugins.CorePlugin)) and clauses Clauses(Clause(Atom(sbt.plugins.JvmPlugin),Set(Atom(sbt.plugins.IvyPlugin)))[0m
[0m[[0m[0mdebug[0m] [0m[0mClause(Atom(sbt.ScriptedPlugin),Set(Atom(sbt.plugins.JvmPlugin)))[0m
[0m[[0m[0mdebug[0m] [0m[0mClause(Atom(sbt.plugins.SbtPlugin),Set(Atom(sbt.ScriptedPlugin)))[0m
[0m[[0m[0mdebug[0m] [0m[0mClause(Atom(sbt.plugins.SemanticdbPlugin),Set(Atom(sbt.plugins.JvmPlugin)))[0m
[0m[[0m[0mdebug[0m] [0m[0mClause(Atom(sbt.plugins.JUnitXmlReportPlugin),Set(Atom(sbt.plugins.JvmPlugin)))[0m
[0m[[0m[0mdebug[0m] [0m[0mClause(Atom(sbt.plugins.MiniDependencyTreePlugin),Set(Atom(sbt.plugins.JvmPlugin)))[0m
[0m[[0m[0mdebug[0m] [0m[0mClause(Atom(sbt.plugins.CorePlugin),Set(Atom(sbt.plugins.IvyPlugin)))[0m
[0m[[0m[0mdebug[0m] [0m[0mClause(Atom(sbt.plugins.IvyPlugin),Set(Atom(sbt.plugins.JvmPlugin)))[0m
[0m[[0m[0mdebug[0m] [0m[0mClause(Atom(sbt.plugins.JvmPlugin),Set(Atom(sbt.plugins.SemanticdbPlugin)))[0m
[0m[[0m[0mdebug[0m] [0m[0mClause(Atom(sbt.plugins.JvmPlugin),Set(Atom(sbt.plugins.JUnitXmlReportPlugin)))[0m
[0m[[0m[0mdebug[0m] [0m[0mClause(Atom(sbt.plugins.CorePlugin),Set(Atom(sbt.plugins.Giter8TemplatePlugin)))[0m
[0m[[0m[0mdebug[0m] [0m[0mClause(Atom(sbt.plugins.JvmPlugin),Set(Atom(sbt.plugins.MiniDependencyTreePlugin))))[0m
[0m[[0m[0mdebug[0m] [0m[0m  :: deduced result: Matched(sbt.plugins.CorePlugin,sbt.plugins.Giter8TemplatePlugin,sbt.plugins.IvyPlugin,sbt.plugins.JvmPlugin,sbt.plugins.MiniDependencyTreePlugin,sbt.plugins.JUnitXmlReportPlugin,sbt.plugins.SemanticdbPlugin)[0m
[0m[[0m[0mdebug[0m] [0m[0mPlugins.deducer#function took 0.858791 ms[0m
[0m[[0m[0mdebug[0m] [0m[0m              Load.resolveProject(shoping-cart-backend-build) took 0.656042ms[0m
[0m[[0m[0mdebug[0m] [0m[0m            Load.loadTransitive: finalizeProject(Project(id shoping-cart-backend-build, base: /Users/anzorighurtchumelia/Desktop/shoping-cart-backend/project, plugins: List(<none>))) took 1.872458ms[0m
[0m[[0m[0mdebug[0m] [0m[0m[Loading] Done in /Users/anzorighurtchumelia/Desktop/shoping-cart-backend/project, returning: (shoping-cart-backend-build)[0m
[0m[[0m[0mdebug[0m] [0m[0m          Load.loadUnit: loadedProjectsRaw took 4.468125ms[0m
[0m[[0m[0mdebug[0m] [0m[0m          Load.loadUnit: cleanEvalClasses took 0.007708ms[0m
[0m[[0m[0mdebug[0m] [0m[0m        Load.loadUnit(file:/Users/anzorighurtchumelia/Desktop/shoping-cart-backend/project/, ...) took 13.5035ms[0m
[0m[[0m[0mdebug[0m] [0m[0m      Load.apply: load took 14.322458ms[0m
[0m[[0m[0mdebug[0m] [0m[0m      Load.apply: resolveProjects took 0.072709ms[0m
[0m[[0m[0mdebug[0m] [0m[0m      Load.apply: finalTransforms took 4.943834ms[0m
[0m[[0m[0mdebug[0m] [0m[0m      Load.apply: config.delegates took 0.22925ms[0m
[0m[[0m[0mdebug[0m] [0m[0m      Load.apply: Def.make(settings)... took 48.226292ms[0m
[0m[[0m[0mdebug[0m] [0m[0m      Load.apply: structureIndex took 12.67375ms[0m
[0m[[0m[0mdebug[0m] [0m[0m      Load.apply: mkStreams took 0.002417ms[0m
[0m[[0m[0minfo[0m] [0m[0mloading project definition from /Users/anzorighurtchumelia/Desktop/shoping-cart-backend/project[0m
[0m[[0m[0mdebug[0m] [0m[0mRunning task... Cancel: Signal, check cycles: false, forcegc: true[0m
[0m[[0m[0mdebug[0m] [0m[0m    Load.loadUnit: plugins took 192.893916ms[0m
[0m[[0m[0mdebug[0m] [0m[0m    Load.loadUnit: defsScala took 0.001458ms[0m
[0m[[0m[0mdebug[0m] [0m[0m[Loading] Scanning directory /Users/anzorighurtchumelia/Desktop/shoping-cart-backend[0m
[0m[[0m[0mdebug[0m] [0m[0m      Load.loadUnit: mkEval took 4.178791ms[0m
[0m[[0m[0mdebug[0m] [0m[0m[Loading] Found root project root w/ remaining boot[0m
[0m[[0m[0mdebug[0m] [0m[0mdeducing auto plugins based on known facts Set(Atom(sbt.plugins.CorePlugin)) and clauses Clauses(Clause(Atom(sbt.plugins.JvmPlugin),Set(Atom(sbt.plugins.IvyPlugin)))[0m
[0m[[0m[0mdebug[0m] [0m[0mClause(Atom(sbt.ScriptedPlugin),Set(Atom(sbt.plugins.JvmPlugin)))[0m
[0m[[0m[0mdebug[0m] [0m[0mClause(Atom(sbt.plugins.SbtPlugin),Set(Atom(sbt.ScriptedPlugin)))[0m
[0m[[0m[0mdebug[0m] [0m[0mClause(Atom(sbt.plugins.SemanticdbPlugin),Set(Atom(sbt.plugins.JvmPlugin)))[0m
[0m[[0m[0mdebug[0m] [0m[0mClause(Atom(sbt.plugins.JUnitXmlReportPlugin),Set(Atom(sbt.plugins.JvmPlugin)))[0m
[0m[[0m[0mdebug[0m] [0m[0mClause(Atom(sbt.plugins.MiniDependencyTreePlugin),Set(Atom(sbt.plugins.JvmPlugin)))[0m
[0m[[0m[0mdebug[0m] [0m[0mClause(Atom(sbt.plugins.CorePlugin),Set(Atom(sbt.plugins.IvyPlugin)))[0m
[0m[[0m[0mdebug[0m] [0m[0mClause(Atom(sbt.plugins.IvyPlugin),Set(Atom(sbt.plugins.JvmPlugin)))[0m
[0m[[0m[0mdebug[0m] [0m[0mClause(Atom(sbt.plugins.JvmPlugin),Set(Atom(sbt.plugins.SemanticdbPlugin)))[0m
[0m[[0m[0mdebug[0m] [0m[0mClause(Atom(sbt.plugins.JvmPlugin),Set(Atom(sbt.plugins.JUnitXmlReportPlugin)))[0m
[0m[[0m[0mdebug[0m] [0m[0mClause(Atom(sbt.plugins.CorePlugin),Set(Atom(sbt.plugins.Giter8TemplatePlugin)))[0m
[0m[[0m[0mdebug[0m] [0m[0mClause(Atom(sbt.plugins.JvmPlugin),Set(Atom(sbt.plugins.MiniDependencyTreePlugin))))[0m
[0m[[0m[0mdebug[0m] [0m[0m  :: deduced result: Matched(sbt.plugins.CorePlugin,sbt.plugins.Giter8TemplatePlugin,sbt.plugins.IvyPlugin,sbt.plugins.JvmPlugin,sbt.plugins.MiniDependencyTreePlugin,sbt.plugins.JUnitXmlReportPlugin,sbt.plugins.SemanticdbPlugin)[0m
[0m[[0m[0mdebug[0m] [0m[0mPlugins.deducer#function took 0.869209 ms[0m
[0m[[0m[0minfo[0m] [0m[0mloading settings for project root from build.sbt ...[0m
[0m[[0m[0mdebug[0m] [0m[0m        Load.resolveProject(root) took 1.629292ms[0m
[0m[[0m[0mdebug[0m] [0m[0m      Load.loadTransitive: finalizeProject(Project(id root, base: /Users/anzorighurtchumelia/Desktop/shoping-cart-backend, dependencies: List(ClasspathDependency(LocalProject(boot),None)), plugins: List(<none>))) took 3.107375ms[0m
[0m[[0m[0mdebug[0m] [0m[0m[Loading] Loading project boot @ /Users/anzorighurtchumelia/Desktop/shoping-cart-backend/boot[0m
[0m[[0m[0mdebug[0m] [0m[0mdeducing auto plugins based on known facts Set(Atom(sbt.plugins.CorePlugin)) and clauses Clauses(Clause(Atom(sbt.plugins.JvmPlugin),Set(Atom(sbt.plugins.IvyPlugin)))[0m
[0m[[0m[0mdebug[0m] [0m[0mClause(Atom(sbt.ScriptedPlugin),Set(Atom(sbt.plugins.JvmPlugin)))[0m
[0m[[0m[0mdebug[0m] [0m[0mClause(Atom(sbt.plugins.SbtPlugin),Set(Atom(sbt.ScriptedPlugin)))[0m
[0m[[0m[0mdebug[0m] [0m[0mClause(Atom(sbt.plugins.SemanticdbPlugin),Set(Atom(sbt.plugins.JvmPlugin)))[0m
[0m[[0m[0mdebug[0m] [0m[0mClause(Atom(sbt.plugins.JUnitXmlReportPlugin),Set(Atom(sbt.plugins.JvmPlugin)))[0m
[0m[[0m[0mdebug[0m] [0m[0mClause(Atom(sbt.plugins.MiniDependencyTreePlugin),Set(Atom(sbt.plugins.JvmPlugin)))[0m
[0m[[0m[0mdebug[0m] [0m[0mClause(Atom(sbt.plugins.CorePlugin),Set(Atom(sbt.plugins.IvyPlugin)))[0m
[0m[[0m[0mdebug[0m] [0m[0mClause(Atom(sbt.plugins.IvyPlugin),Set(Atom(sbt.plugins.JvmPlugin)))[0m
[0m[[0m[0mdebug[0m] [0m[0mClause(Atom(sbt.plugins.JvmPlugin),Set(Atom(sbt.plugins.SemanticdbPlugin)))[0m
[0m[[0m[0mdebug[0m] [0m[0mClause(Atom(sbt.plugins.JvmPlugin),Set(Atom(sbt.plugins.JUnitXmlReportPlugin)))[0m
[0m[[0m[0mdebug[0m] [0m[0mClause(Atom(sbt.plugins.CorePlugin),Set(Atom(sbt.plugins.Giter8TemplatePlugin)))[0m
[0m[[0m[0mdebug[0m] [0m[0mClause(Atom(sbt.plugins.JvmPlugin),Set(Atom(sbt.plugins.MiniDependencyTreePlugin))))[0m
[0m[[0m[0mdebug[0m] [0m[0m  :: deduced result: Matched(sbt.plugins.CorePlugin,sbt.plugins.Giter8TemplatePlugin,sbt.plugins.IvyPlugin,sbt.plugins.JvmPlugin,sbt.plugins.MiniDependencyTreePlugin,sbt.plugins.JUnitXmlReportPlugin,sbt.plugins.SemanticdbPlugin)[0m
[0m[[0m[0mdebug[0m] [0m[0mPlugins.deducer#function took 0.802917 ms[0m
[0m[[0m[0minfo[0m] [0m[0mloading settings for project root from build.sbt ...[0m
[0m[[0m[0mdebug[0m] [0m[0m      Load.resolveProject(root) took 0.820083ms[0m
[0m[[0m[0mdebug[0m] [0m[0m[Loading] Done in /Users/anzorighurtchumelia/Desktop/shoping-cart-backend, returning: (root, root)[0m
[0m[[0m[0mdebug[0m] [0m[0m    Load.loadUnit: loadedProjectsRaw took 2196.245917ms[0m
[0m[[0m[0mdebug[0m] [0m[0m    Load.loadUnit: cleanEvalClasses took 5.023834ms[0m
[0m[[0m[0mdebug[0m] [0m[0m  Load.loadUnit(file:/Users/anzorighurtchumelia/Desktop/shoping-cart-backend/, ...) took 2394.584041ms[0m
[0m[[0m[31merror[0m] [0m[0mjava.lang.RuntimeException: No project 'boot' in 'file:/Users/anzorighurtchumelia/Desktop/shoping-cart-backend/'.[0m
[0m[[0m[31merror[0m] [0m[0mValid project IDs: root[0m
[0m[[0m[31merror[0m] [0m[0m	at scala.sys.package$.error(package.scala:30)[0m
[0m[[0m[31merror[0m] [0m[0m	at sbt.internal.Load$.$anonfun$checkAll$3(Load.scala:614)[0m
[0m[[0m[31merror[0m] [0m[0m	at sbt.internal.Load$.$anonfun$checkAll$3$adapted(Load.scala:608)[0m
[0m[[0m[31merror[0m] [0m[0m	at scala.collection.immutable.List.foreach(List.scala:431)[0m
[0m[[0m[31merror[0m] [0m[0m	at sbt.internal.Load$.$anonfun$checkAll$2(Load.scala:608)[0m
[0m[[0m[31merror[0m] [0m[0m	at sbt.internal.Load$.$anonfun$checkAll$2$adapted(Load.scala:608)[0m
[0m[[0m[31merror[0m] [0m[0m	at scala.collection.TraversableLike$WithFilter.$anonfun$foreach$1(TraversableLike.scala:985)[0m
[0m[[0m[31merror[0m] [0m[0m	at scala.collection.immutable.Map$Map1.foreach(Map.scala:193)[0m
[0m[[0m[31merror[0m] [0m[0m	at scala.collection.TraversableLike$WithFilter.foreach(TraversableLike.scala:984)[0m
[0m[[0m[31merror[0m] [0m[0m	at sbt.internal.Load$.checkAll(Load.scala:608)[0m
[0m[[0m[31merror[0m] [0m[0m	at sbt.internal.Load$.loadURI(Load.scala:501)[0m
[0m[[0m[31merror[0m] [0m[0m	at sbt.internal.Load$.load(Load.scala:479)[0m
[0m[[0m[31merror[0m] [0m[0m	at sbt.internal.Load$.$anonfun$apply$1(Load.scala:241)[0m
[0m[[0m[31merror[0m] [0m[0m	at sbt.internal.Load$.timed(Load.scala:1406)[0m
[0m[[0m[31merror[0m] [0m[0m	at sbt.internal.Load$.apply(Load.scala:241)[0m
[0m[[0m[31merror[0m] [0m[0m	at sbt.internal.Load$.defaultLoad(Load.scala:56)[0m
[0m[[0m[31merror[0m] [0m[0m	at sbt.BuiltinCommands$.liftedTree1$1(Main.scala:961)[0m
[0m[[0m[31merror[0m] [0m[0m	at sbt.BuiltinCommands$.doLoadProject(Main.scala:961)[0m
[0m[[0m[31merror[0m] [0m[0m	at sbt.BuiltinCommands$.$anonfun$loadProjectImpl$2(Main.scala:914)[0m
[0m[[0m[31merror[0m] [0m[0m	at sbt.Command$.$anonfun$applyEffect$4(Command.scala:150)[0m
[0m[[0m[31merror[0m] [0m[0m	at sbt.Command$.$anonfun$applyEffect$2(Command.scala:145)[0m
[0m[[0m[31merror[0m] [0m[0m	at sbt.Command$.process(Command.scala:189)[0m
[0m[[0m[31merror[0m] [0m[0m	at sbt.MainLoop$.$anonfun$processCommand$5(MainLoop.scala:245)[0m
[0m[[0m[31merror[0m] [0m[0m	at scala.Option.getOrElse(Option.scala:189)[0m
[0m[[0m[31merror[0m] [0m[0m	at sbt.MainLoop$.process$1(MainLoop.scala:245)[0m
[0m[[0m[31merror[0m] [0m[0m	at sbt.MainLoop$.processCommand(MainLoop.scala:278)[0m
[0m[[0m[31merror[0m] [0m[0m	at sbt.MainLoop$.$anonfun$next$5(MainLoop.scala:163)[0m
[0m[[0m[31merror[0m] [0m[0m	at sbt.State$StateOpsImpl$.runCmd$1(State.scala:289)[0m
[0m[[0m[31merror[0m] [0m[0m	at sbt.State$StateOpsImpl$.process$extension(State.scala:325)[0m
[0m[[0m[31merror[0m] [0m[0m	at sbt.MainLoop$.$anonfun$next$4(MainLoop.scala:163)[0m
[0m[[0m[31merror[0m] [0m[0m	at sbt.internal.util.ErrorHandling$.wideConvert(ErrorHandling.scala:23)[0m
[0m[[0m[31merror[0m] [0m[0m	at sbt.MainLoop$.next(MainLoop.scala:163)[0m
[0m[[0m[31merror[0m] [0m[0m	at sbt.MainLoop$.run(MainLoop.scala:144)[0m
[0m[[0m[31merror[0m] [0m[0m	at sbt.MainLoop$.$anonfun$runWithNewLog$1(MainLoop.scala:119)[0m
[0m[[0m[31merror[0m] [0m[0m	at sbt.io.Using.apply(Using.scala:27)[0m
[0m[[0m[31merror[0m] [0m[0m	at sbt.MainLoop$.runWithNewLog(MainLoop.scala:112)[0m
[0m[[0m[31merror[0m] [0m[0m	at sbt.MainLoop$.runAndClearLast(MainLoop.scala:66)[0m
[0m[[0m[31merror[0m] [0m[0m	at sbt.MainLoop$.runLoggedLoop(MainLoop.scala:51)[0m
[0m[[0m[31merror[0m] [0m[0m	at sbt.MainLoop$.runLogged(MainLoop.scala:42)[0m
[0m[[0m[31merror[0m] [0m[0m	at sbt.StandardMain$.runManaged(Main.scala:223)[0m
[0m[[0m[31merror[0m] [0m[0m	at sbt.xMain$.$anonfun$run$11(Main.scala:133)[0m
[0m[[0m[31merror[0m] [0m[0m	at scala.util.DynamicVariable.withValue(DynamicVariable.scala:62)[0m
[0m[[0m[31merror[0m] [0m[0m	at scala.Console$.withIn(Console.scala:230)[0m
[0m[[0m[31merror[0m] [0m[0m	at sbt.internal.util.Terminal$.withIn(Terminal.scala:578)[0m
[0m[[0m[31merror[0m] [0m[0m	at sbt.internal.util.Terminal$.$anonfun$withStreams$1(Terminal.scala:358)[0m
[0m[[0m[31merror[0m] [0m[0m	at scala.util.DynamicVariable.withValue(DynamicVariable.scala:62)[0m
[0m[[0m[31merror[0m] [0m[0m	at scala.Console$.withOut(Console.scala:167)[0m
[0m[[0m[31merror[0m] [0m[0m	at sbt.internal.util.Terminal$.$anonfun$withOut$2(Terminal.scala:568)[0m
[0m[[0m[31merror[0m] [0m[0m	at scala.util.DynamicVariable.withValue(DynamicVariable.scala:62)[0m
[0m[[0m[31merror[0m] [0m[0m	at scala.Console$.withErr(Console.scala:196)[0m
[0m[[0m[31merror[0m] [0m[0m	at sbt.internal.util.Terminal$.withOut(Terminal.scala:568)[0m
[0m[[0m[31merror[0m] [0m[0m	at sbt.internal.util.Terminal$.withStreams(Terminal.scala:358)[0m
[0m[[0m[31merror[0m] [0m[0m	at sbt.xMain$.withStreams$1(Main.scala:87)[0m
[0m[[0m[31merror[0m] [0m[0m	at sbt.xMain$.run(Main.scala:121)[0m
[0m[[0m[31merror[0m] [0m[0m	at java.base/jdk.internal.reflect.NativeMethodAccessorImpl.invoke0(Native Method)[0m
[0m[[0m[31merror[0m] [0m[0m	at java.base/jdk.internal.reflect.NativeMethodAccessorImpl.invoke(NativeMethodAccessorImpl.java:62)[0m
[0m[[0m[31merror[0m] [0m[0m	at java.base/jdk.internal.reflect.DelegatingMethodAccessorImpl.invoke(DelegatingMethodAccessorImpl.java:43)[0m
[0m[[0m[31merror[0m] [0m[0m	at java.base/java.lang.reflect.Method.invoke(Method.java:566)[0m
[0m[[0m[31merror[0m] [0m[0m	at sbt.internal.XMainConfiguration.run(XMainConfiguration.java:57)[0m
[0m[[0m[31merror[0m] [0m[0m	at sbt.xMain.run(Main.scala:46)[0m
[0m[[0m[31merror[0m] [0m[0m	at xsbt.boot.Launch$.$anonfun$run$1(Launch.scala:149)[0m
[0m[[0m[31merror[0m] [0m[0m	at xsbt.boot.Launch$.withContextLoader(Launch.scala:176)[0m
[0m[[0m[31merror[0m] [0m[0m	at xsbt.boot.Launch$.run(Launch.scala:149)[0m
[0m[[0m[31merror[0m] [0m[0m	at xsbt.boot.Launch$.$anonfun$apply$1(Launch.scala:44)[0m
[0m[[0m[31merror[0m] [0m[0m	at xsbt.boot.Launch$.launch(Launch.scala:159)[0m
[0m[[0m[31merror[0m] [0m[0m	at xsbt.boot.Launch$.apply(Launch.scala:44)[0m
[0m[[0m[31merror[0m] [0m[0m	at xsbt.boot.Launch$.apply(Launch.scala:21)[0m
[0m[[0m[31merror[0m] [0m[0m	at xsbt.boot.Boot$.runImpl(Boot.scala:78)[0m
[0m[[0m[31merror[0m] [0m[0m	at xsbt.boot.Boot$.run(Boot.scala:73)[0m
[0m[[0m[31merror[0m] [0m[0m	at xsbt.boot.Boot$.main(Boot.scala:21)[0m
[0m[[0m[31merror[0m] [0m[0m	at xsbt.boot.Boot.main(Boot.scala)[0m
[0m[[0m[31merror[0m] [0m[0mNo project 'boot' in 'file:/Users/anzorighurtchumelia/Desktop/shoping-cart-backend/'.[0m
[0m[[0m[31merror[0m] [0m[0mValid project IDs: root[0m
[0m[[0m[31merror[0m] [0m[0mUse 'last' for the full log.[0m
[0m[[0m[0mdebug[0m] [0m[0m> Exec(loadFailed, None, None)[0m
[0m[[0m[33mwarn[0m] [0m[0mProject loading failed: (r)etry, (q)uit, (l)ast, or (i)gnore? (default: r)[0m
